    Checking arxiv-manager v0.1.0 (/workspaces/arxiv-manager)
error[E0432]: unresolved imports `crate::app::ArxivManager`, `crate::app::View`, `crate::app::Message`
 --> src/ui/view.rs:6:18
  |
6 | use crate::app::{ArxivManager, View, Message};
  |                  ^^^^^^^^^^^^  ^^^^  ^^^^^^^ no `Message` in `app`
  |                  |             |
  |                  |             no `View` in `app`
  |                  no `ArxivManager` in `app`
  |
  = help: consider importing this variant instead:
          config::ConfigError::Message

error[E0432]: unresolved imports `crate::app::ArxivManager`, `crate::app::View`, `crate::app::Message`
 --> src/ui/components/sidebar.rs:6:18
  |
6 | use crate::app::{ArxivManager, View, Message};
  |                  ^^^^^^^^^^^^  ^^^^  ^^^^^^^ no `Message` in `app`
  |                  |             |
  |                  |             no `View` in `app`
  |                  no `ArxivManager` in `app`
  |
  = help: consider importing this variant instead:
          config::ConfigError::Message

error[E0432]: unresolved imports `crate::app::ArxivManager`, `crate::app::Message`
 --> src/ui/components/search_view.rs:6:18
  |
6 | use crate::app::{ArxivManager, Message};
  |                  ^^^^^^^^^^^^  ^^^^^^^ no `Message` in `app`
  |                  |
  |                  no `ArxivManager` in `app`
  |
  = help: consider importing this variant instead:
          config::ConfigError::Message

error[E0432]: unresolved imports `crate::app::ArxivManager`, `crate::app::Message`
 --> src/ui/components/library_view.rs:6:18
  |
6 | use crate::app::{ArxivManager, Message};
  |                  ^^^^^^^^^^^^  ^^^^^^^ no `Message` in `app`
  |                  |
  |                  no `ArxivManager` in `app`
  |
  = help: consider importing this variant instead:
          config::ConfigError::Message

error[E0432]: unresolved imports `crate::app::ArxivManager`, `crate::app::Message`
 --> src/ui/components/downloads_view.rs:7:11
  |
7 |     app::{ArxivManager, Message},
  |           ^^^^^^^^^^^^  ^^^^^^^ no `Message` in `app`
  |           |
  |           no `ArxivManager` in `app`
  |
  = help: consider importing this variant instead:
          config::ConfigError::Message

error[E0432]: unresolved imports `crate::app::ArxivManager`, `crate::app::Message`
  --> src/ui/components/settings_view.rs:10:11
   |
10 |     app::{ArxivManager, Message},
   |           ^^^^^^^^^^^^  ^^^^^^^ no `Message` in `app`
   |           |
   |           no `ArxivManager` in `app`
   |
   = help: consider importing this variant instead:
           config::ConfigError::Message

error[E0432]: unresolved imports `crate::app::ArxivManager`, `crate::app::Message`
 --> src/ui/components/reader_view.rs:9:18
  |
9 | use crate::app::{ArxivManager, Message};
  |                  ^^^^^^^^^^^^  ^^^^^^^ no `Message` in `app`
  |                  |
  |                  no `ArxivManager` in `app`
  |
  = help: consider importing this variant instead:
          config::ConfigError::Message

error[E0432]: unresolved import `iced::border`
 --> src/ui/components/status_bar.rs:3:33
  |
3 |     Alignment, Element, Length, border,
  |                                 ^^^^^^ no `border` in the root

error[E0432]: unresolved imports `crate::app::ArxivManager`, `crate::app::Message`
 --> src/ui/components/status_bar.rs:7:11
  |
7 |     app::{ArxivManager, Message},
  |           ^^^^^^^^^^^^  ^^^^^^^ no `Message` in `app`
  |           |
  |           no `ArxivManager` in `app`
  |
  = help: consider importing this variant instead:
          config::ConfigError::Message

error[E0432]: unresolved import `crate::app::Message`
 --> src/ui/components/paper_card.rs:7:5
  |
7 |     app::Message,
  |     ^^^^^^^^^^^^ no `Message` in `app`
  |
  = help: consider importing this variant instead:
          config::ConfigError::Message

error[E0432]: unresolved import `crate::app::Message`
 --> src/ui/components/download_item.rs:7:5
  |
7 |     app::Message,
  |     ^^^^^^^^^^^^ no `Message` in `app`
  |
  = help: consider importing this variant instead:
          config::ConfigError::Message

error[E0432]: unresolved import `app::ArxivManager`
  --> src/main.rs:16:5
   |
16 | use app::ArxivManager;
   |     ^^^^^^^^^^^^^^^^^ no `ArxivManager` in `app`

error[E0433]: failed to resolve: could not find `GruvboxStyle` in `style`
  --> src/ui/view.rs:31:23
   |
31 |         .style(style::GruvboxStyle::container())
   |                       ^^^^^^^^^^^^ could not find `GruvboxStyle` in `style`

error[E0433]: failed to resolve: could not find `GruvboxStyle` in `style`
  --> src/ui/view.rs:49:23
   |
49 |         .style(style::GruvboxStyle::content())
   |                       ^^^^^^^^^^^^ could not find `GruvboxStyle` in `style`

error[E0433]: failed to resolve: could not find `GruvboxColors` in `style`
  --> src/ui/view.rs:62:31
   |
62 |                 .style(style::GruvboxColors::Light3),
   |                               ^^^^^^^^^^^^^ could not find `GruvboxColors` in `style`

error[E0433]: failed to resolve: could not find `GruvboxColors` in `style`
  --> src/ui/view.rs:83:31
   |
83 |                 .style(style::GruvboxColors::Light4),
   |                               ^^^^^^^^^^^^^ could not find `GruvboxColors` in `style`

error[E0433]: failed to resolve: could not find `GruvboxColors` in `style`
  --> src/ui/view.rs:87:31
   |
87 |                 .style(style::GruvboxColors::Light3),
   |                               ^^^^^^^^^^^^^ could not find `GruvboxColors` in `style`

error[E0433]: failed to resolve: could not find `GruvboxColors` in `style`
   --> src/ui/view.rs:105:31
    |
105 |                 .style(style::GruvboxColors::Red),
    |                               ^^^^^^^^^^^^^ could not find `GruvboxColors` in `style`

error[E0433]: failed to resolve: could not find `GruvboxColors` in `style`
   --> src/ui/view.rs:109:31
    |
109 |                 .style(style::GruvboxColors::Red),
    |                               ^^^^^^^^^^^^^ could not find `GruvboxColors` in `style`

error[E0433]: failed to resolve: could not find `GruvboxColors` in `style`
   --> src/ui/view.rs:113:31
    |
113 |                 .style(style::GruvboxColors::Light3),
    |                               ^^^^^^^^^^^^^ could not find `GruvboxColors` in `style`

error[E0433]: failed to resolve: could not find `GruvboxStyle` in `style`
   --> src/ui/view.rs:116:31
    |
116 |                 .style(style::GruvboxStyle::button())
    |                               ^^^^^^^^^^^^ could not find `GruvboxStyle` in `style`

error[E0433]: failed to resolve: could not find `text` in `style`
  --> src/ui/components/sidebar.rs:25:31
   |
25 |                 .style(style::text::title()),
   |                               ^^^^ could not find `text` in `style`

error[E0433]: failed to resolve: could not find `text` in `style`
  --> src/ui/components/sidebar.rs:40:31
   |
40 |                 .style(style::text::muted()),
   |                               ^^^^ could not find `text` in `style`

error[E0433]: failed to resolve: could not find `text` in `style`
  --> src/ui/components/sidebar.rs:59:24
   |
59 |                 style::text::title()
   |                        ^^^^ could not find `text` in `style`

error[E0433]: failed to resolve: could not find `text` in `style`
  --> src/ui/components/sidebar.rs:61:24
   |
61 |                 style::text::body()
   |                        ^^^^ could not find `text` in `style`

error[E0433]: failed to resolve: could not find `button` in `style`
  --> src/ui/components/sidebar.rs:67:16
   |
67 |         style::button::sidebar_item_active()
   |                ^^^^^^ could not find `button` in `style`

error[E0433]: failed to resolve: could not find `button` in `style`
  --> src/ui/components/sidebar.rs:69:16
   |
69 |         style::button::sidebar_item()
   |                ^^^^^^ could not find `button` in `style`

error[E0433]: failed to resolve: could not find `text` in `style`
  --> src/ui/components/search_view.rs:24:27
   |
24 |             .style(style::text::title()),
   |                           ^^^^ could not find `text` in `style`

error[E0433]: failed to resolve: could not find `text_input` in `style`
  --> src/ui/components/search_view.rs:36:31
   |
36 |                 .style(style::text_input::default()),
   |                               ^^^^^^^^^^ could not find `text_input` in `style`

error[E0433]: failed to resolve: could not find `text` in `style`
  --> src/ui/components/search_view.rs:40:35
   |
40 |                     .style(style::text::button())
   |                                   ^^^^ could not find `text` in `style`

error[E0433]: failed to resolve: could not find `button` in `style`
  --> src/ui/components/search_view.rs:43:27
   |
43 |             .style(style::button::primary())
   |                           ^^^^^^ could not find `button` in `style`

error[E0433]: failed to resolve: could not find `text` in `style`
  --> src/ui/components/search_view.rs:77:31
   |
77 |                 .style(style::text::subtitle()),
   |                               ^^^^ could not find `text` in `style`

error[E0433]: failed to resolve: could not find `scrollable` in `style`
   --> src/ui/components/search_view.rs:120:19
    |
120 |     .style(style::scrollable::default())
    |                   ^^^^^^^^^^ could not find `scrollable` in `style`

error[E0433]: failed to resolve: could not find `button` in `style`
  --> src/ui/components/library_view.rs:25:31
   |
25 |                 .style(style::button::secondary),
   |                               ^^^^^^ could not find `button` in `style`

error[E0433]: failed to resolve: could not find `View` in `app`
  --> src/ui/components/library_view.rs:73:59
   |
73 |                 .on_press(Message::ChangeView(crate::app::View::Search))
   |                                                           ^^^^ could not find `View` in `app`

error[E0433]: failed to resolve: could not find `button` in `style`
  --> src/ui/components/library_view.rs:74:31
   |
74 |                 .style(style::button::primary),
   |                               ^^^^^^ could not find `button` in `style`

error[E0433]: failed to resolve: could not find `container` in `style`
   --> src/ui/components/library_view.rs:125:19
    |
125 |     .style(style::container::card)
    |                   ^^^^^^^^^ could not find `container` in `style`

error[E0433]: failed to resolve: could not find `button` in `style`
   --> src/ui/components/library_view.rs:151:47
    |
151 | ...                   .style(style::button::primary)
    |                                     ^^^^^^ could not find `button` in `style`

error[E0433]: failed to resolve: could not find `button` in `style`
   --> src/ui/components/library_view.rs:155:47
    |
155 | ...                   .style(style::button::secondary)
    |                                     ^^^^^^ could not find `button` in `style`

error[E0433]: failed to resolve: could not find `button` in `style`
   --> src/ui/components/library_view.rs:160:43
    |
160 | ...                   .style(style::button::text),
    |                                     ^^^^^^ could not find `button` in `style`

error[E0433]: failed to resolve: could not find `container` in `style`
   --> src/ui/components/library_view.rs:171:23
    |
171 |         .style(style::container::card);
    |                       ^^^^^^^^^ could not find `container` in `style`

error[E0433]: failed to resolve: could not find `View` in `app`
  --> src/ui/components/reader_view.rs:18:59
   |
18 |                 .on_press(Message::ChangeView(crate::app::View::Library))
   |                                                           ^^^^ could not find `View` in `app`

error[E0433]: failed to resolve: could not find `button` in `style`
  --> src/ui/components/reader_view.rs:19:31
   |
19 |                 .style(style::button::secondary),
   |                               ^^^^^^ could not find `button` in `style`

error[E0433]: failed to resolve: could not find `button` in `style`
  --> src/ui/components/reader_view.rs:25:31
   |
25 |                 .style(style::button::secondary),
   |                               ^^^^^^ could not find `button` in `style`

error[E0433]: failed to resolve: could not find `button` in `style`
  --> src/ui/components/reader_view.rs:33:31
   |
33 |                 .style(style::button::secondary),
   |                               ^^^^^^ could not find `button` in `style`

error[E0433]: failed to resolve: could not find `button` in `style`
  --> src/ui/components/reader_view.rs:36:31
   |
36 |                 .style(style::button::secondary),
   |                               ^^^^^^ could not find `button` in `style`

error[E0433]: failed to resolve: could not find `button` in `style`
  --> src/ui/components/reader_view.rs:44:31
   |
44 |                 .style(style::button::secondary),
   |                               ^^^^^^ could not find `button` in `style`

error[E0433]: failed to resolve: could not find `button` in `style`
  --> src/ui/components/reader_view.rs:47:31
   |
47 |                 .style(style::button::secondary),
   |                               ^^^^^^ could not find `button` in `style`

error[E0433]: failed to resolve: could not find `View` in `app`
   --> src/ui/components/reader_view.rs:101:63
    |
101 |                     .on_press(Message::ChangeView(crate::app::View::Library))
    |                                                               ^^^^ could not find `View` in `app`

error[E0433]: failed to resolve: could not find `button` in `style`
   --> src/ui/components/reader_view.rs:102:35
    |
102 |                     .style(style::button::primary),
    |                                   ^^^^^^ could not find `button` in `style`

error[E0433]: failed to resolve: could not find `button` in `style`
   --> src/ui/components/reader_view.rs:131:35
    |
131 |                     .style(style::button::text)
    |                                   ^^^^^^ could not find `button` in `style`

error[E0433]: failed to resolve: could not find `button` in `style`
   --> src/ui/components/reader_view.rs:135:35
    |
135 |                     .style(style::button::text)
    |                                   ^^^^^^ could not find `button` in `style`

error[E0433]: failed to resolve: could not find `button` in `style`
   --> src/ui/components/reader_view.rs:139:35
    |
139 |                     .style(style::button::text)
    |                                   ^^^^^^ could not find `button` in `style`

error[E0433]: failed to resolve: could not find `button` in `style`
   --> src/ui/components/reader_view.rs:143:35
    |
143 |                     .style(style::button::text)
    |                                   ^^^^^^ could not find `button` in `style`

error[E0433]: failed to resolve: could not find `button` in `style`
   --> src/ui/components/reader_view.rs:147:35
    |
147 |                     .style(style::button::text)
    |                                   ^^^^^^ could not find `button` in `style`

error[E0433]: failed to resolve: could not find `text` in `style`
   --> src/ui/components/status_bar.rs:124:27
    |
124 |             .style(style::text::default())
    |                           ^^^^ could not find `text` in `style`

error[E0412]: cannot find type `GruvboxStyle` in this scope
   --> src/ui/components/status_bar.rs:152:6
    |
152 | impl GruvboxStyle {
    |      ^^^^^^^^^^^^ not found in this scope

error[E0412]: cannot find type `GruvboxColors` in this scope
   --> src/ui/components/download_item.rs:178:53
    |
178 |     fn get_status_color(status: &DownloadStatus) -> GruvboxColors {
    |                                                     ^^^^^^^^^^^^^ not found in this scope

warning: unused import: `std::collections::HashMap`
 --> src/core/parser.rs:5:5
  |
5 | use std::collections::HashMap;
  |     ^^^^^^^^^^^^^^^^^^^^^^^^^
  |
  = note: `#[warn(unused_imports)]` on by default

warning: unused import: `api_client::ArxivClient`
 --> src/core/mod.rs:5:9
  |
5 | pub use api_client::ArxivClient;
  |         ^^^^^^^^^^^^^^^^^^^^^^^

warning: unused import: `models::*`
 --> src/core/mod.rs:6:9
  |
6 | pub use models::*;
  |         ^^^^^^^^^

warning: unused import: `DateTime`
 --> src/database/mod.rs:2:14
  |
2 | use chrono::{DateTime, Utc};
  |              ^^^^^^^^

warning: unused import: `Row`
 --> src/database/mod.rs:3:28
  |
3 | use rusqlite::{Connection, Row};
  |                            ^^^

warning: unused imports: `Deserialize` and `Serialize`
 --> src/database/mod.rs:4:13
  |
4 | use serde::{Deserialize, Serialize};
  |             ^^^^^^^^^^^  ^^^^^^^^^

warning: unused import: `DownloadProgress`
  --> src/downloader/download_manager.rs:11:57
   |
11 | use super::download_task::{DownloadTask, DownloadEvent, DownloadProgress};
   |                                                         ^^^^^^^^^^^^^^^^

warning: unused imports: `ProgressBar` and `ProgressStyle`
 --> src/downloader/download_task.rs:4:17
  |
4 | use indicatif::{ProgressBar, ProgressStyle};
  |                 ^^^^^^^^^^^  ^^^^^^^^^^^^^

warning: unused import: `Path`
 --> src/downloader/download_task.rs:6:17
  |
6 | use std::path::{Path, PathBuf};
  |                 ^^^^

warning: unused import: `Mutex`
  --> src/downloader/download_task.rs:10:25
   |
10 | use tokio::sync::{mpsc, Mutex, RwLock};
   |                         ^^^^^

warning: unused import: `download_manager::DownloadManager`
 --> src/downloader/mod.rs:4:9
  |
4 | pub use download_manager::DownloadManager;
  |         ^^^^^^^^^^^^^^^^^^^^^^^^^^^^^^^^^

warning: unused imports: `Context` and `Result`
 --> src/pdf/mod.rs:1:14
  |
1 | use anyhow::{Context, Result};
  |              ^^^^^^^  ^^^^^^

warning: unused import: `std::path::Path`
 --> src/pdf/mod.rs:3:5
  |
3 | use std::path::Path;
  |     ^^^^^^^^^^^^^^^

warning: unused import: `Context`
 --> src/pdf/pdf_processor.rs:2:14
  |
2 | use anyhow::{Context, Result};
  |              ^^^^^^^

warning: unused import: `pdf_processor::PdfProcessor`
 --> src/pdf/mod.rs:8:9
  |
8 | pub use pdf_processor::PdfProcessor;
  |         ^^^^^^^^^^^^^^^^^^^^^^^^^^^

warning: unused import: `text_extractor::TextExtractor`
 --> src/pdf/mod.rs:9:9
  |
9 | pub use text_extractor::TextExtractor;
  |         ^^^^^^^^^^^^^^^^^^^^^^^^^^^^^

warning: unused import: `anyhow::Result`
 --> src/search/mod.rs:1:5
  |
1 | use anyhow::Result;
  |     ^^^^^^^^^^^^^^

warning: unused import: `std::path::Path`
 --> src/search/mod.rs:3:5
  |
3 | use std::path::Path;
  |     ^^^^^^^^^^^^^^^

warning: unused imports: `IndexReader`, `IndexWriter`, `Index`, `collector::TopDocs`, `directory::MmapDirectory`, and `query::QueryParser`
  --> src/search/mod.rs:5:5
   |
5  |     collector::TopDocs,
   |     ^^^^^^^^^^^^^^^^^^
6  |     directory::MmapDirectory,
   |     ^^^^^^^^^^^^^^^^^^^^^^^^
7  |     doc,
8  |     query::QueryParser,
   |     ^^^^^^^^^^^^^^^^^^
9  |     schema::{Field, Schema, STORED, TEXT},
10 |     Index, IndexReader, IndexWriter,
   |     ^^^^^  ^^^^^^^^^^^  ^^^^^^^^^^^

warning: unused import: `uuid::Uuid`
  --> src/search/mod.rs:12:5
   |
12 | use uuid::Uuid;
   |     ^^^^^^^^^^

warning: unused import: `TantivyError`
  --> src/search/search_engine.rs:10:38
   |
10 |     Index, IndexReader, IndexWriter, TantivyError,
   |                                      ^^^^^^^^^^^^

warning: unused import: `search_engine::SearchEngine`
  --> src/search/mod.rs:16:9
   |
16 | pub use search_engine::SearchEngine;
   |         ^^^^^^^^^^^^^^^^^^^^^^^^^^^

warning: unused imports: `Background`, `Color`, `Theme`, `scrollable`, and `text_input`
 --> src/ui/view.rs:2:52
  |
2 |     widget::{container, row, column, text, button, text_input, scrollable, Space, progress_bar},
  |                                                    ^^^^^^^^^^  ^^^^^^^^^^
3 |     Element, Length, Alignment, Background, Color, Theme,
  |                                 ^^^^^^^^^^  ^^^^^  ^^^^^

warning: unused import: `view`
 --> src/ui/components/library_view.rs:7:24
  |
7 | use crate::ui::{style, view};
  |                        ^^^^

warning: unused import: `super::paper_card`
 --> src/ui/components/library_view.rs:8:5
  |
8 | use super::paper_card;
  |     ^^^^^^^^^^^^^^^^^

warning: unused import: `progress_bar`
 --> src/ui/components/downloads_view.rs:2:41
  |
2 |     widget::{button, column, container, progress_bar, row, scrollable, text, Column, Container},
  |                                         ^^^^^^^^^^^^

warning: unused imports: `database::DownloadStatus` and `ui::style`
  --> src/ui/components/downloads_view.rs:9:5
   |
9  |     database::DownloadStatus,
   |     ^^^^^^^^^^^^^^^^^^^^^^^^
10 |     ui::style,
   |     ^^^^^^^^^

warning: unused imports: `Column` and `container`
 --> src/ui/components/settings_view.rs:3:35
  |
3 |         button, checkbox, column, container, pick_list, row, scrollable, text, text_input,
  |                                   ^^^^^^^^^
4 |         Column, Container,
  |         ^^^^^^

warning: unused imports: `AppConfig`, `DownloadSettings`, `UISettings`, and `ui::style`
  --> src/ui/components/settings_view.rs:11:14
   |
11 |     config::{AppConfig, DownloadSettings, UISettings},
   |              ^^^^^^^^^  ^^^^^^^^^^^^^^^^  ^^^^^^^^^^
12 |     ui::style,
   |     ^^^^^^^^^

warning: unused import: `Space`
 --> src/ui/components/reader_view.rs:4:57
  |
4 |         horizontal_space, vertical_space, progress_bar, Space,
  |                                                         ^^^^^

warning: unused import: `row`
 --> src/ui/components/status_bar.rs:2:25
  |
2 |     widget::{container, row, text, Row},
  |                         ^^^

warning: unused imports: `column` and `row`
 --> src/ui/components/paper_card.rs:2:22
  |
2 |     widget::{button, column, container, row, text, Column, Container, Row},
  |                      ^^^^^^             ^^^

warning: unused import: `ui::style`
  --> src/ui/components/paper_card.rs:10:5
   |
10 |     ui::style,
   |     ^^^^^^^^^

warning: unused import: `container`
 --> src/ui/components/download_item.rs:2:30
  |
2 |     widget::{button, column, container, progress_bar, row, text, Column, Container, Row},
  |                              ^^^^^^^^^

warning: unused import: `ui::style`
  --> src/ui/components/download_item.rs:10:5
   |
10 |     ui::style,
   |     ^^^^^^^^^

warning: unused import: `std::path::Path`
 --> src/utils/mod.rs:3:5
  |
3 | use std::path::Path;
  |     ^^^^^^^^^^^^^^^

warning: unused import: `anyhow::Context`
 --> src/utils/file_utils.rs:2:5
  |
2 | use anyhow::Context;
  |     ^^^^^^^^^^^^^^^

warning: unused import: `ParseError`
 --> src/utils/date_utils.rs:2:71
  |
2 | use chrono::{DateTime, NaiveDateTime, Utc, Local, TimeZone, Datelike, ParseError};
  |                                                                       ^^^^^^^^^^

warning: unused imports: `UtilError` and `UtilResult`
 --> src/utils/string_utils.rs:1:13
  |
1 | use super::{UtilError, UtilResult};
  |             ^^^^^^^^^  ^^^^^^^^^^

warning: unused import: `crate::config::AppConfig`
 --> src/utils/config_utils.rs:5:5
  |
5 | use crate::config::AppConfig;
  |     ^^^^^^^^^^^^^^^^^^^^^^^^

warning: unused import: `file_utils::*`
  --> src/utils/mod.rs:11:9
   |
11 | pub use file_utils::*;
   |         ^^^^^^^^^^^^^

warning: unused import: `date_utils::*`
  --> src/utils/mod.rs:12:9
   |
12 | pub use date_utils::*;
   |         ^^^^^^^^^^^^^

warning: unused import: `string_utils::*`
  --> src/utils/mod.rs:13:9
   |
13 | pub use string_utils::*;
   |         ^^^^^^^^^^^^^^^

warning: unused import: `validation::*`
  --> src/utils/mod.rs:14:9
   |
14 | pub use validation::*;
   |         ^^^^^^^^^^^^^

warning: unused import: `config_utils::*`
  --> src/utils/mod.rs:15:9
   |
15 | pub use config_utils::*;
   |         ^^^^^^^^^^^^^^^

warning: unused variable: `task_id`
   --> src/downloader/download_manager.rs:191:50
    |
191 |                         DownloadEvent::Completed(task_id) | 
    |                                                  ^^^^^^^
192 |                         DownloadEvent::Failed(task_id, _) | 
    |                                               ^^^^^^^
193 |                         DownloadEvent::Cancelled(task_id) => {
    |                                                  ^^^^^^^
    |
    = note: `#[warn(unused_variables)]` on by default
help: if this is intentional, prefix it with an underscore
    |
191 ~                         DownloadEvent::Completed(_task_id) | 
192 ~                         DownloadEvent::Failed(_task_id, _) | 
193 ~                         DownloadEvent::Cancelled(_task_id) => {
    |

warning: unused variable: `file_path`
  --> src/pdf/text_extractor.rs:28:55
   |
28 |     async fn extract_with_pdf_extract<P: AsRef<Path>>(file_path: P) -> Result<String, PdfError> {
   |                                                       ^^^^^^^^^ help: if this is intentional, prefix it with an underscore: `_file_path`

warning: variable does not need to be mutable
  --> src/search/search_engine.rs:72:13
   |
72 |         let mut writer = self.writer.write().await;
   |             ----^^^^^^
   |             |
   |             help: remove this `mut`
   |
   = note: `#[warn(unused_mut)]` on by default

warning: variable does not need to be mutable
  --> src/search/search_engine.rs:81:13
   |
81 |         let mut writer = self.writer.write().await;
   |             ----^^^^^^
   |             |
   |             help: remove this `mut`

warning: variable does not need to be mutable
   --> src/search/search_engine.rs:105:13
    |
105 |         let mut writer = self.writer.write().await;
    |             ----^^^^^^
    |             |
    |             help: remove this `mut`

error[E0282]: type annotations needed
   --> src/search/search_engine.rs:140:17
    |
140 |             let retrieved_doc = searcher
    |                 ^^^^^^^^^^^^^
...
144 |             let id = retrieved_doc
    |                      ------------- type must be known at this point
    |
help: consider giving `retrieved_doc` an explicit type
    |
140 |             let retrieved_doc: /* Type */ = searcher
    |                              ++++++++++++

error[E0433]: failed to resolve: use of undeclared type `GruvboxColors`
  --> src/ui/components/downloads_view.rs:26:41
   |
26 |             text("下载管理").size(24).style(GruvboxColors::Light0),
   |                                             ^^^^^^^^^^^^^ use of undeclared type `GruvboxColors`

error[E0433]: failed to resolve: use of undeclared type `GruvboxStyle`
  --> src/ui/components/downloads_view.rs:29:24
   |
29 |                 .style(GruvboxStyle::button()),
   |                        ^^^^^^^^^^^^ use of undeclared type `GruvboxStyle`

error[E0433]: failed to resolve: use of undeclared type `GruvboxStyle`
  --> src/ui/components/downloads_view.rs:32:24
   |
32 |                 .style(GruvboxStyle::button()),
   |                        ^^^^^^^^^^^^ use of undeclared type `GruvboxStyle`

error[E0433]: failed to resolve: use of undeclared type `GruvboxStyle`
  --> src/ui/components/downloads_view.rs:35:24
   |
35 |                 .style(GruvboxStyle::button()),
   |                        ^^^^^^^^^^^^ use of undeclared type `GruvboxStyle`

error[E0433]: failed to resolve: use of undeclared type `GruvboxStyle`
  --> src/ui/components/downloads_view.rs:53:20
   |
53 |             .style(GruvboxStyle::container())
   |                    ^^^^^^^^^^^^ use of undeclared type `GruvboxStyle`

error[E0433]: failed to resolve: use of undeclared type `GruvboxStyle`
  --> src/ui/components/downloads_view.rs:83:20
   |
83 |             .style(GruvboxStyle::card())
   |                    ^^^^^^^^^^^^ use of undeclared type `GruvboxStyle`

error[E0433]: failed to resolve: use of undeclared type `GruvboxColors`
  --> src/ui/components/downloads_view.rs:90:24
   |
90 |                 .style(GruvboxColors::Blue),
   |                        ^^^^^^^^^^^^^ use of undeclared type `GruvboxColors`

error[E0433]: failed to resolve: use of undeclared type `GruvboxColors`
  --> src/ui/components/downloads_view.rs:93:24
   |
93 |                 .style(GruvboxColors::Light4),
   |                        ^^^^^^^^^^^^^ use of undeclared type `GruvboxColors`

error[E0433]: failed to resolve: use of undeclared type `GruvboxColors`
   --> src/ui/components/downloads_view.rs:106:28
    |
106 |                     .style(GruvboxColors::Light4)
    |                            ^^^^^^^^^^^^^ use of undeclared type `GruvboxColors`

error[E0433]: failed to resolve: use of undeclared type `GruvboxStyle`
   --> src/ui/components/downloads_view.rs:128:20
    |
128 |             .style(GruvboxStyle::container())
    |                    ^^^^^^^^^^^^ use of undeclared type `GruvboxStyle`

error[E0433]: failed to resolve: use of undeclared type `GruvboxStyle`
  --> src/ui/components/settings_view.rs:62:20
   |
62 |             .style(GruvboxStyle::container())
   |                    ^^^^^^^^^^^^ use of undeclared type `GruvboxStyle`

error[E0433]: failed to resolve: use of undeclared type `GruvboxColors`
  --> src/ui/components/settings_view.rs:69:20
   |
69 |             .style(GruvboxColors::Light0)
   |                    ^^^^^^^^^^^^^ use of undeclared type `GruvboxColors`

error[E0433]: failed to resolve: use of undeclared type `GruvboxColors`
  --> src/ui/components/settings_view.rs:76:20
   |
76 |             .style(GruvboxColors::Light1);
   |                    ^^^^^^^^^^^^^ use of undeclared type `GruvboxColors`

error[E0433]: failed to resolve: use of undeclared type `GruvboxColors`
  --> src/ui/components/settings_view.rs:81:24
   |
81 |                 .style(GruvboxColors::Light2)
   |                        ^^^^^^^^^^^^^ use of undeclared type `GruvboxColors`

error[E0433]: failed to resolve: use of undeclared type `GruvboxStyle`
  --> src/ui/components/settings_view.rs:88:20
   |
88 |             .style(GruvboxStyle::pick_list())
   |                    ^^^^^^^^^^^^ use of undeclared type `GruvboxStyle`

error[E0433]: failed to resolve: use of undeclared type `GruvboxColors`
  --> src/ui/components/settings_view.rs:96:24
   |
96 |                 .style(GruvboxColors::Light2)
   |                        ^^^^^^^^^^^^^ use of undeclared type `GruvboxColors`

error[E0433]: failed to resolve: use of undeclared type `GruvboxStyle`
  --> src/ui/components/settings_view.rs:99:24
   |
99 |                 .style(GruvboxStyle::checkbox())
   |                        ^^^^^^^^^^^^ use of undeclared type `GruvboxStyle`

error[E0433]: failed to resolve: use of undeclared type `GruvboxStyle`
   --> src/ui/components/settings_view.rs:109:20
    |
109 |             .style(GruvboxStyle::card())
    |                    ^^^^^^^^^^^^ use of undeclared type `GruvboxStyle`

error[E0433]: failed to resolve: use of undeclared type `GruvboxColors`
   --> src/ui/components/settings_view.rs:116:20
    |
116 |             .style(GruvboxColors::Light1);
    |                    ^^^^^^^^^^^^^ use of undeclared type `GruvboxColors`

error[E0433]: failed to resolve: use of undeclared type `GruvboxColors`
   --> src/ui/components/settings_view.rs:121:24
    |
121 |                 .style(GruvboxColors::Light2)
    |                        ^^^^^^^^^^^^^ use of undeclared type `GruvboxColors`

error[E0433]: failed to resolve: use of undeclared type `GruvboxStyle`
   --> src/ui/components/settings_view.rs:128:20
    |
128 |             .style(GruvboxStyle::text_input()),
    |                    ^^^^^^^^^^^^ use of undeclared type `GruvboxStyle`

error[E0433]: failed to resolve: use of undeclared type `GruvboxStyle`
   --> src/ui/components/settings_view.rs:131:24
    |
131 |                 .style(GruvboxStyle::button())
    |                        ^^^^^^^^^^^^ use of undeclared type `GruvboxStyle`

error[E0433]: failed to resolve: use of undeclared type `GruvboxColors`
   --> src/ui/components/settings_view.rs:139:24
    |
139 |                 .style(GruvboxColors::Light2)
    |                        ^^^^^^^^^^^^^ use of undeclared type `GruvboxColors`

error[E0433]: failed to resolve: use of undeclared type `GruvboxStyle`
   --> src/ui/components/settings_view.rs:146:20
    |
146 |             .style(GruvboxStyle::text_input())
    |                    ^^^^^^^^^^^^ use of undeclared type `GruvboxStyle`

error[E0433]: failed to resolve: use of undeclared type `GruvboxColors`
   --> src/ui/components/settings_view.rs:155:24
    |
155 |                 .style(GruvboxColors::Light2)
    |                        ^^^^^^^^^^^^^ use of undeclared type `GruvboxColors`

error[E0433]: failed to resolve: use of undeclared type `GruvboxStyle`
   --> src/ui/components/settings_view.rs:159:24
    |
159 |                 .style(GruvboxStyle::text_input())
    |                        ^^^^^^^^^^^^ use of undeclared type `GruvboxStyle`

error[E0433]: failed to resolve: use of undeclared type `GruvboxColors`
   --> src/ui/components/settings_view.rs:168:24
    |
168 |                 .style(GruvboxColors::Light2)
    |                        ^^^^^^^^^^^^^ use of undeclared type `GruvboxColors`

error[E0433]: failed to resolve: use of undeclared type `GruvboxStyle`
   --> src/ui/components/settings_view.rs:175:20
    |
175 |             .style(GruvboxStyle::checkbox())
    |                    ^^^^^^^^^^^^ use of undeclared type `GruvboxStyle`

error[E0433]: failed to resolve: use of undeclared type `GruvboxStyle`
   --> src/ui/components/settings_view.rs:191:20
    |
191 |             .style(GruvboxStyle::card())
    |                    ^^^^^^^^^^^^ use of undeclared type `GruvboxStyle`

error[E0433]: failed to resolve: use of undeclared type `GruvboxColors`
   --> src/ui/components/settings_view.rs:198:20
    |
198 |             .style(GruvboxColors::Light1);
    |                    ^^^^^^^^^^^^^ use of undeclared type `GruvboxColors`

error[E0433]: failed to resolve: use of undeclared type `GruvboxColors`
   --> src/ui/components/settings_view.rs:203:24
    |
203 |                 .style(GruvboxColors::Light2)
    |                        ^^^^^^^^^^^^^ use of undeclared type `GruvboxColors`

error[E0433]: failed to resolve: use of undeclared type `GruvboxStyle`
   --> src/ui/components/settings_view.rs:210:20
    |
210 |             .style(GruvboxStyle::pick_list())
    |                    ^^^^^^^^^^^^ use of undeclared type `GruvboxStyle`

error[E0433]: failed to resolve: use of undeclared type `GruvboxColors`
   --> src/ui/components/settings_view.rs:218:24
    |
218 |                 .style(GruvboxColors::Light2)
    |                        ^^^^^^^^^^^^^ use of undeclared type `GruvboxColors`

error[E0433]: failed to resolve: use of undeclared type `GruvboxStyle`
   --> src/ui/components/settings_view.rs:222:24
    |
222 |                 .style(GruvboxStyle::text_input())
    |                        ^^^^^^^^^^^^ use of undeclared type `GruvboxStyle`

error[E0433]: failed to resolve: use of undeclared type `GruvboxColors`
   --> src/ui/components/settings_view.rs:231:24
    |
231 |                 .style(GruvboxColors::Light2)
    |                        ^^^^^^^^^^^^^ use of undeclared type `GruvboxColors`

error[E0433]: failed to resolve: use of undeclared type `GruvboxStyle`
   --> src/ui/components/settings_view.rs:235:24
    |
235 |                 .style(GruvboxStyle::text_input())
    |                        ^^^^^^^^^^^^ use of undeclared type `GruvboxStyle`

error[E0433]: failed to resolve: use of undeclared type `GruvboxColors`
   --> src/ui/components/settings_view.rs:244:24
    |
244 |                 .style(GruvboxColors::Light2)
    |                        ^^^^^^^^^^^^^ use of undeclared type `GruvboxColors`

error[E0433]: failed to resolve: use of undeclared type `GruvboxStyle`
   --> src/ui/components/settings_view.rs:251:20
    |
251 |             .style(GruvboxStyle::checkbox())
    |                    ^^^^^^^^^^^^ use of undeclared type `GruvboxStyle`

error[E0433]: failed to resolve: use of undeclared type `GruvboxStyle`
   --> src/ui/components/settings_view.rs:267:20
    |
267 |             .style(GruvboxStyle::card())
    |                    ^^^^^^^^^^^^ use of undeclared type `GruvboxStyle`

error[E0433]: failed to resolve: use of undeclared type `GruvboxColors`
   --> src/ui/components/settings_view.rs:274:20
    |
274 |             .style(GruvboxColors::Light1);
    |                    ^^^^^^^^^^^^^ use of undeclared type `GruvboxColors`

error[E0433]: failed to resolve: use of undeclared type `GruvboxColors`
   --> src/ui/components/settings_view.rs:279:24
    |
279 |                 .style(GruvboxColors::Light2)
    |                        ^^^^^^^^^^^^^ use of undeclared type `GruvboxColors`

error[E0433]: failed to resolve: use of undeclared type `GruvboxStyle`
   --> src/ui/components/settings_view.rs:285:20
    |
285 |             .style(GruvboxStyle::text_input()),
    |                    ^^^^^^^^^^^^ use of undeclared type `GruvboxStyle`

error[E0433]: failed to resolve: use of undeclared type `GruvboxColors`
   --> src/ui/components/settings_view.rs:293:24
    |
293 |                 .style(GruvboxColors::Light2)
    |                        ^^^^^^^^^^^^^ use of undeclared type `GruvboxColors`

error[E0433]: failed to resolve: use of undeclared type `GruvboxStyle`
   --> src/ui/components/settings_view.rs:296:24
    |
296 |                 .style(GruvboxStyle::checkbox())
    |                        ^^^^^^^^^^^^ use of undeclared type `GruvboxStyle`

error[E0433]: failed to resolve: use of undeclared type `GruvboxStyle`
   --> src/ui/components/settings_view.rs:304:24
    |
304 |                 .style(GruvboxStyle::button()),
    |                        ^^^^^^^^^^^^ use of undeclared type `GruvboxStyle`

error[E0433]: failed to resolve: use of undeclared type `GruvboxStyle`
   --> src/ui/components/settings_view.rs:307:24
    |
307 |                 .style(GruvboxStyle::button()),
    |                        ^^^^^^^^^^^^ use of undeclared type `GruvboxStyle`

error[E0433]: failed to resolve: use of undeclared type `GruvboxStyle`
   --> src/ui/components/settings_view.rs:310:24
    |
310 |                 .style(GruvboxStyle::danger_button()),
    |                        ^^^^^^^^^^^^ use of undeclared type `GruvboxStyle`

error[E0433]: failed to resolve: use of undeclared type `GruvboxStyle`
   --> src/ui/components/settings_view.rs:319:20
    |
319 |             .style(GruvboxStyle::card())
    |                    ^^^^^^^^^^^^ use of undeclared type `GruvboxStyle`

error[E0433]: failed to resolve: use of undeclared type `GruvboxColors`
   --> src/ui/components/settings_view.rs:326:20
    |
326 |             .style(GruvboxColors::Light1);
    |                    ^^^^^^^^^^^^^ use of undeclared type `GruvboxColors`

error[E0433]: failed to resolve: use of undeclared type `GruvboxStyle`
   --> src/ui/components/settings_view.rs:331:24
    |
331 |                 .style(GruvboxStyle::button()),
    |                        ^^^^^^^^^^^^ use of undeclared type `GruvboxStyle`

error[E0433]: failed to resolve: use of undeclared type `GruvboxStyle`
   --> src/ui/components/settings_view.rs:334:24
    |
334 |                 .style(GruvboxStyle::secondary_button()),
    |                        ^^^^^^^^^^^^ use of undeclared type `GruvboxStyle`

error[E0433]: failed to resolve: use of undeclared type `GruvboxStyle`
   --> src/ui/components/settings_view.rs:337:24
    |
337 |                 .style(GruvboxStyle::button()),
    |                        ^^^^^^^^^^^^ use of undeclared type `GruvboxStyle`

error[E0433]: failed to resolve: use of undeclared type `GruvboxStyle`
   --> src/ui/components/settings_view.rs:340:24
    |
340 |                 .style(GruvboxStyle::button()),
    |                        ^^^^^^^^^^^^ use of undeclared type `GruvboxStyle`

error[E0433]: failed to resolve: use of undeclared type `GruvboxStyle`
   --> src/ui/components/settings_view.rs:348:20
    |
348 |             .style(GruvboxStyle::card())
    |                    ^^^^^^^^^^^^ use of undeclared type `GruvboxStyle`

error[E0277]: the trait bound `iced::widget::Column<'_, _, _>: From<iced::widget::Container<'_, _, _>>` is not satisfied
   --> src/ui/components/reader_view.rs:108:10
    |
108 |         .into()
    |          ^^^^ the trait `From<iced::widget::Container<'_, _, _>>` is not implemented for `iced::widget::Column<'_, _, _>`
    |
    = note: required for `iced::widget::Container<'_, _, _>` to implement `Into<iced::widget::Column<'_, _, _>>`
help: consider removing this method call, as the receiver has type `iced::widget::Container<'_, _, _>` and `iced::widget::Container<'_, _, _>: From<iced::widget::Container<'_, _, _>>` trivially holds
    |
106 -         .width(Length::Fill)
107 -         .height(Length::Fill)
106 +         .width(Length::Fill)
    |

error[E0433]: failed to resolve: use of undeclared type `GruvboxStyle`
  --> src/ui/components/status_bar.rs:50:20
   |
50 |             .style(GruvboxStyle::status_bar())
   |                    ^^^^^^^^^^^^ use of undeclared type `GruvboxStyle`

error[E0433]: failed to resolve: use of undeclared type `GruvboxColors`
  --> src/ui/components/status_bar.rs:56:22
   |
56 |             ("● 在线", GruvboxColors::Green)
   |                        ^^^^^^^^^^^^^ use of undeclared type `GruvboxColors`

error[E0433]: failed to resolve: use of undeclared type `GruvboxColors`
  --> src/ui/components/status_bar.rs:58:22
   |
58 |             ("● 离线", GruvboxColors::Red)
   |                        ^^^^^^^^^^^^^ use of undeclared type `GruvboxColors`

error[E0433]: failed to resolve: use of undeclared type `GruvboxColors`
  --> src/ui/components/status_bar.rs:82:13
   |
82 |             GruvboxColors::Blue
   |             ^^^^^^^^^^^^^ use of undeclared type `GruvboxColors`

error[E0433]: failed to resolve: use of undeclared type `GruvboxColors`
  --> src/ui/components/status_bar.rs:84:13
   |
84 |             GruvboxColors::Light4
   |             ^^^^^^^^^^^^^ use of undeclared type `GruvboxColors`

error[E0433]: failed to resolve: use of undeclared type `GruvboxColors`
   --> src/ui/components/status_bar.rs:105:20
    |
105 |             .style(GruvboxColors::Light3)
    |                    ^^^^^^^^^^^^^ use of undeclared type `GruvboxColors`

error[E0433]: failed to resolve: use of undeclared type `GruvboxColors`
   --> src/ui/components/status_bar.rs:115:20
    |
115 |             .style(GruvboxColors::Light4)
    |                    ^^^^^^^^^^^^^ use of undeclared type `GruvboxColors`

error[E0433]: failed to resolve: use of undeclared type `GruvboxColors`
  --> src/ui/components/paper_card.rs:70:20
   |
70 |             .style(GruvboxColors::Light0);
   |                    ^^^^^^^^^^^^^ use of undeclared type `GruvboxColors`

error[E0433]: failed to resolve: use of undeclared type `GruvboxColors`
  --> src/ui/components/paper_card.rs:81:20
   |
81 |             .style(GruvboxColors::Light2);
   |                    ^^^^^^^^^^^^^ use of undeclared type `GruvboxColors`

error[E0433]: failed to resolve: use of undeclared type `GruvboxColors`
  --> src/ui/components/paper_card.rs:87:20
   |
87 |             .style(GruvboxColors::Light4);
   |                    ^^^^^^^^^^^^^ use of undeclared type `GruvboxColors`

error[E0433]: failed to resolve: use of undeclared type `GruvboxColors`
   --> src/ui/components/paper_card.rs:100:20
    |
100 |             .style(GruvboxColors::Light3);
    |                    ^^^^^^^^^^^^^ use of undeclared type `GruvboxColors`

error[E0433]: failed to resolve: use of undeclared type `GruvboxStyle`
   --> src/ui/components/paper_card.rs:114:20
    |
114 |             .style(GruvboxStyle::card())
    |                    ^^^^^^^^^^^^ use of undeclared type `GruvboxStyle`

error[E0433]: failed to resolve: use of undeclared type `GruvboxColors`
   --> src/ui/components/paper_card.rs:131:28
    |
131 |                     .style(GruvboxColors::Dark0)
    |                            ^^^^^^^^^^^^^ use of undeclared type `GruvboxColors`

error[E0433]: failed to resolve: use of undeclared type `GruvboxStyle`
   --> src/ui/components/paper_card.rs:134:20
    |
134 |             .style(GruvboxStyle::chip());
    |                    ^^^^^^^^^^^^ use of undeclared type `GruvboxStyle`

error[E0433]: failed to resolve: use of undeclared type `GruvboxColors`
   --> src/ui/components/paper_card.rs:143:28
    |
143 |                     .style(GruvboxColors::Dark0)
    |                            ^^^^^^^^^^^^^ use of undeclared type `GruvboxColors`

error[E0433]: failed to resolve: use of undeclared type `GruvboxStyle`
   --> src/ui/components/paper_card.rs:146:20
    |
146 |             .style(GruvboxStyle::chip());
    |                    ^^^^^^^^^^^^ use of undeclared type `GruvboxStyle`

error[E0433]: failed to resolve: use of undeclared type `GruvboxStyle`
   --> src/ui/components/paper_card.rs:175:28
    |
175 |                     .style(GruvboxStyle::button())
    |                            ^^^^^^^^^^^^ use of undeclared type `GruvboxStyle`

error[E0433]: failed to resolve: use of undeclared type `GruvboxStyle`
   --> src/ui/components/paper_card.rs:184:28
    |
184 |                     .style(GruvboxStyle::secondary_button())
    |                            ^^^^^^^^^^^^ use of undeclared type `GruvboxStyle`

error[E0433]: failed to resolve: use of undeclared type `GruvboxStyle`
   --> src/ui/components/paper_card.rs:193:28
    |
193 |                     .style(GruvboxStyle::danger_button())
    |                            ^^^^^^^^^^^^ use of undeclared type `GruvboxStyle`

error[E0433]: failed to resolve: use of undeclared type `GruvboxStyle`
  --> src/ui/components/download_item.rs:37:20
   |
37 |             .style(GruvboxStyle::card())
   |                    ^^^^^^^^^^^^ use of undeclared type `GruvboxStyle`

error[E0433]: failed to resolve: use of undeclared type `GruvboxColors`
  --> src/ui/components/download_item.rs:44:20
   |
44 |             .style(GruvboxColors::Light0);
   |                    ^^^^^^^^^^^^^ use of undeclared type `GruvboxColors`

error[E0433]: failed to resolve: use of undeclared type `GruvboxColors`
  --> src/ui/components/download_item.rs:48:20
   |
48 |             .style(GruvboxColors::Light4);
   |                    ^^^^^^^^^^^^^ use of undeclared type `GruvboxColors`

error[E0433]: failed to resolve: use of undeclared type `GruvboxColors`
  --> src/ui/components/download_item.rs:55:16
   |
55 |         .style(GruvboxColors::Light4);
   |                ^^^^^^^^^^^^^ use of undeclared type `GruvboxColors`

error[E0308]: mismatched types
   --> src/ui/components/download_item.rs:63:49
    |
63  |         let status_text = Self::get_status_text(&task.status);
    |                           --------------------- ^^^^^^^^^^^^ expected `&DownloadStatus`, found `&Arc<RwLock<DownloadStatus>>`
    |                           |
    |                           arguments to this function are incorrect
    |
    = note: expected reference `&database::models::DownloadStatus`
               found reference `&Arc<tokio::sync::RwLock<database::models::DownloadStatus>>`
note: associated function defined here
   --> src/ui/components/download_item.rs:168:8
    |
168 |     fn get_status_text(status: &DownloadStatus) -> &'static str {
    |        ^^^^^^^^^^^^^^^ -----------------------

error[E0308]: mismatched types
   --> src/ui/components/download_item.rs:64:51
    |
64  |         let status_color = Self::get_status_color(&task.status);
    |                            ---------------------- ^^^^^^^^^^^^ expected `&DownloadStatus`, found `&Arc<RwLock<DownloadStatus>>`
    |                            |
    |                            arguments to this function are incorrect
    |
    = note: expected reference `&database::models::DownloadStatus`
               found reference `&Arc<tokio::sync::RwLock<database::models::DownloadStatus>>`
note: associated function defined here
   --> src/ui/components/download_item.rs:178:8
    |
178 |     fn get_status_color(status: &DownloadStatus) -> GruvboxColors {
    |        ^^^^^^^^^^^^^^^^ -----------------------

error[E0308]: mismatched types
   --> src/ui/components/download_item.rs:74:13
    |
73  |         match task.status {
    |               ----------- this expression has type `Arc<tokio::sync::RwLock<database::models::DownloadStatus>>`
74  |             DownloadStatus::Downloading => {
    |             ^^^^^^^^^^^^^^^^^^^^^^^^^^^ expected `Arc<RwLock<DownloadStatus>>`, found `DownloadStatus`
    |
   ::: src/database/models.rs:237:5
    |
237 |     Downloading = 1,
    |     ----------- unit variant defined here
    |
    = note: expected struct `Arc<tokio::sync::RwLock<database::models::DownloadStatus>>`
                 found enum `database::models::DownloadStatus`

error[E0308]: mismatched types
   --> src/ui/components/download_item.rs:95:13
    |
73  |         match task.status {
    |               ----------- this expression has type `Arc<tokio::sync::RwLock<database::models::DownloadStatus>>`
...
95  |             DownloadStatus::Completed => {
    |             ^^^^^^^^^^^^^^^^^^^^^^^^^ expected `Arc<RwLock<DownloadStatus>>`, found `DownloadStatus`
    |
   ::: src/database/models.rs:239:5
    |
239 |     Completed = 3,
    |     --------- unit variant defined here
    |
    = note: expected struct `Arc<tokio::sync::RwLock<database::models::DownloadStatus>>`
                 found enum `database::models::DownloadStatus`

error[E0308]: mismatched types
   --> src/ui/components/download_item.rs:102:13
    |
73  |         match task.status {
    |               ----------- this expression has type `Arc<tokio::sync::RwLock<database::models::DownloadStatus>>`
...
102 |             DownloadStatus::Failed => {
    |             ^^^^^^^^^^^^^^^^^^^^^^ expected `Arc<RwLock<DownloadStatus>>`, found `DownloadStatus`
    |
   ::: src/database/models.rs:240:5
    |
240 |     Failed = 4,
    |     ------ unit variant defined here
    |
    = note: expected struct `Arc<tokio::sync::RwLock<database::models::DownloadStatus>>`
                 found enum `database::models::DownloadStatus`

error[E0308]: mismatched types
   --> src/ui/components/download_item.rs:75:62
    |
75  |                 let progress_bar = progress_bar(0.0..=100.0, task.progress)
    |                                    ------------              ^^^^^^^^^^^^^ expected `f32`, found `Arc<RwLock<f32>>`
    |                                    |
    |                                    arguments to this function are incorrect
    |
    = note: expected type `f32`
             found struct `Arc<tokio::sync::RwLock<f32>>`
note: function defined here
   --> /home/codespace/.cargo/registry/src/index.crates.io-1949cf8c6b5b557f/iced_widget-0.1.3/src/helpers.rs:316:8
    |
316 | pub fn progress_bar<Renderer>(
    |        ^^^^^^^^^^^^

error[E0277]: `tokio::sync::RwLock<f32>` doesn't implement `std::fmt::Display`
  --> src/ui/components/download_item.rs:79:60
   |
79 |                 let progress_text = text(format!("{:.1}%", task.progress))
   |                                                            ^^^^^^^^^^^^^ `tokio::sync::RwLock<f32>` cannot be formatted with the default formatter
   |
   = help: the trait `std::fmt::Display` is not implemented for `tokio::sync::RwLock<f32>`
   = note: in format strings you may be able to use `{:?}` (or {:#?} for pretty-print) instead
   = help: the trait `std::fmt::Display` is implemented for `Arc<T, A>`
   = note: this error originates in the macro `$crate::__export::format_args` which comes from the expansion of the macro `format` (in Nightly builds, run with -Z macro-backtrace for more info)

error[E0433]: failed to resolve: use of undeclared type `GruvboxColors`
  --> src/ui/components/download_item.rs:81:28
   |
81 |                     .style(GruvboxColors::Light2);
   |                            ^^^^^^^^^^^^^ use of undeclared type `GruvboxColors`

error[E0308]: mismatched types
   --> src/ui/components/download_item.rs:83:58
    |
83  |                 let speed_text = text(Self::format_speed(task.speed))
    |                                       ------------------ ^^^^^^^^^^ expected `u64`, found `Arc<RwLock<u64>>`
    |                                       |
    |                                       arguments to this function are incorrect
    |
    = note: expected type `u64`
             found struct `Arc<tokio::sync::RwLock<u64>>`
note: associated function defined here
   --> src/ui/components/download_item.rs:188:8
    |
188 |     fn format_speed(bytes_per_sec: u64) -> String {
    |        ^^^^^^^^^^^^ ------------------

error[E0433]: failed to resolve: use of undeclared type `GruvboxColors`
  --> src/ui/components/download_item.rs:85:28
   |
85 |                     .style(GruvboxColors::Blue);
   |                            ^^^^^^^^^^^^^ use of undeclared type `GruvboxColors`

error[E0308]: mismatched types
   --> src/ui/components/download_item.rs:103:24
    |
103 |                 if let Some(error) = &task.error_message {
    |                        ^^^^^^^^^^^   ------------------- this expression has type `&Arc<tokio::sync::RwLock<std::option::Option<std::string::String>>>`
    |                        |
    |                        expected `Arc<RwLock<Option<String>>>`, found `Option<_>`
    |
    = note: expected struct `Arc<tokio::sync::RwLock<std::option::Option<std::string::String>>>`
                 found enum `std::option::Option<_>`

error[E0433]: failed to resolve: use of undeclared type `GruvboxColors`
   --> src/ui/components/download_item.rs:106:32
    |
106 |                         .style(GruvboxColors::Red);
    |                                ^^^^^^^^^^^^^ use of undeclared type `GruvboxColors`

error[E0308]: mismatched types
   --> src/ui/components/download_item.rs:121:13
    |
120 |         match task.status {
    |               ----------- this expression has type `Arc<tokio::sync::RwLock<database::models::DownloadStatus>>`
121 |             DownloadStatus::Pending => {
    |             ^^^^^^^^^^^^^^^^^^^^^^^ expected `Arc<RwLock<DownloadStatus>>`, found `DownloadStatus`
    |
   ::: src/database/models.rs:236:5
    |
236 |     Pending = 0,
    |     ------- unit variant defined here
    |
    = note: expected struct `Arc<tokio::sync::RwLock<database::models::DownloadStatus>>`
                 found enum `database::models::DownloadStatus`

error[E0308]: mismatched types
   --> src/ui/components/download_item.rs:128:13
    |
120 |         match task.status {
    |               ----------- this expression has type `Arc<tokio::sync::RwLock<database::models::DownloadStatus>>`
...
128 |             DownloadStatus::Downloading => {
    |             ^^^^^^^^^^^^^^^^^^^^^^^^^^^ expected `Arc<RwLock<DownloadStatus>>`, found `DownloadStatus`
    |
   ::: src/database/models.rs:237:5
    |
237 |     Downloading = 1,
    |     ----------- unit variant defined here
    |
    = note: expected struct `Arc<tokio::sync::RwLock<database::models::DownloadStatus>>`
                 found enum `database::models::DownloadStatus`

error[E0308]: mismatched types
   --> src/ui/components/download_item.rs:135:13
    |
120 |         match task.status {
    |               ----------- this expression has type `Arc<tokio::sync::RwLock<database::models::DownloadStatus>>`
...
135 |             DownloadStatus::Paused => {
    |             ^^^^^^^^^^^^^^^^^^^^^^ expected `Arc<RwLock<DownloadStatus>>`, found `DownloadStatus`
    |
   ::: src/database/models.rs:238:5
    |
238 |     Paused = 2,
    |     ------ unit variant defined here
    |
    = note: expected struct `Arc<tokio::sync::RwLock<database::models::DownloadStatus>>`
                 found enum `database::models::DownloadStatus`

error[E0308]: mismatched types
   --> src/ui/components/download_item.rs:142:13
    |
120 |         match task.status {
    |               ----------- this expression has type `Arc<tokio::sync::RwLock<database::models::DownloadStatus>>`
...
142 |             DownloadStatus::Completed => {
    |             ^^^^^^^^^^^^^^^^^^^^^^^^^ expected `Arc<RwLock<DownloadStatus>>`, found `DownloadStatus`
    |
   ::: src/database/models.rs:239:5
    |
239 |     Completed = 3,
    |     --------- unit variant defined here
    |
    = note: expected struct `Arc<tokio::sync::RwLock<database::models::DownloadStatus>>`
                 found enum `database::models::DownloadStatus`

error[E0308]: mismatched types
   --> src/ui/components/download_item.rs:149:13
    |
120 |         match task.status {
    |               ----------- this expression has type `Arc<tokio::sync::RwLock<database::models::DownloadStatus>>`
...
149 |             DownloadStatus::Failed => {
    |             ^^^^^^^^^^^^^^^^^^^^^^ expected `Arc<RwLock<DownloadStatus>>`, found `DownloadStatus`
    |
   ::: src/database/models.rs:240:5
    |
240 |     Failed = 4,
    |     ------ unit variant defined here
    |
    = note: expected struct `Arc<tokio::sync::RwLock<database::models::DownloadStatus>>`
                 found enum `database::models::DownloadStatus`

error[E0433]: failed to resolve: use of undeclared type `GruvboxStyle`
   --> src/ui/components/download_item.rs:125:32
    |
125 |                         .style(GruvboxStyle::button())
    |                                ^^^^^^^^^^^^ use of undeclared type `GruvboxStyle`

error[E0433]: failed to resolve: use of undeclared type `GruvboxStyle`
   --> src/ui/components/download_item.rs:132:32
    |
132 |                         .style(GruvboxStyle::button())
    |                                ^^^^^^^^^^^^ use of undeclared type `GruvboxStyle`

error[E0433]: failed to resolve: use of undeclared type `GruvboxStyle`
   --> src/ui/components/download_item.rs:139:32
    |
139 |                         .style(GruvboxStyle::button())
    |                                ^^^^^^^^^^^^ use of undeclared type `GruvboxStyle`

error[E0433]: failed to resolve: use of undeclared type `GruvboxStyle`
   --> src/ui/components/download_item.rs:146:32
    |
146 |                         .style(GruvboxStyle::button())
    |                                ^^^^^^^^^^^^ use of undeclared type `GruvboxStyle`

error[E0433]: failed to resolve: use of undeclared type `GruvboxStyle`
   --> src/ui/components/download_item.rs:153:32
    |
153 |                         .style(GruvboxStyle::button())
    |                                ^^^^^^^^^^^^ use of undeclared type `GruvboxStyle`

error[E0433]: failed to resolve: use of undeclared type `GruvboxStyle`
   --> src/ui/components/download_item.rs:162:24
    |
162 |                 .style(GruvboxStyle::danger_button())
    |                        ^^^^^^^^^^^^ use of undeclared type `GruvboxStyle`

error[E0433]: failed to resolve: use of undeclared type `GruvboxColors`
   --> src/ui/components/download_item.rs:180:40
    |
180 |             DownloadStatus::Pending => GruvboxColors::Yellow,
    |                                        ^^^^^^^^^^^^^ use of undeclared type `GruvboxColors`

error[E0433]: failed to resolve: use of undeclared type `GruvboxColors`
   --> src/ui/components/download_item.rs:181:44
    |
181 |             DownloadStatus::Downloading => GruvboxColors::Blue,
    |                                            ^^^^^^^^^^^^^ use of undeclared type `GruvboxColors`

error[E0433]: failed to resolve: use of undeclared type `GruvboxColors`
   --> src/ui/components/download_item.rs:182:39
    |
182 |             DownloadStatus::Paused => GruvboxColors::Orange,
    |                                       ^^^^^^^^^^^^^ use of undeclared type `GruvboxColors`

error[E0433]: failed to resolve: use of undeclared type `GruvboxColors`
   --> src/ui/components/download_item.rs:183:42
    |
183 |             DownloadStatus::Completed => GruvboxColors::Green,
    |                                          ^^^^^^^^^^^^^ use of undeclared type `GruvboxColors`

error[E0433]: failed to resolve: use of undeclared type `GruvboxColors`
   --> src/ui/components/download_item.rs:184:39
    |
184 |             DownloadStatus::Failed => GruvboxColors::Red,
    |                                       ^^^^^^^^^^^^^ use of undeclared type `GruvboxColors`

warning: unused import: `Application`
  --> src/main.rs:12:12
   |
12 | use iced::{Application, Settings};
   |            ^^^^^^^^^^^

warning: unused variable: `id`
  --> src/database/mod.rs:38:13
   |
38 |         let id = self.conn.execute(
   |             ^^ help: if this is intentional, prefix it with an underscore: `_id`

error[E0004]: non-exhaustive patterns: `&database::models::DownloadStatus::Cancelled` not covered
   --> src/ui/components/download_item.rs:169:15
    |
169 |         match status {
    |               ^^^^^^ pattern `&database::models::DownloadStatus::Cancelled` not covered
    |
note: `database::models::DownloadStatus` defined here
   --> src/database/models.rs:235:10
    |
235 | pub enum DownloadStatus {
    |          ^^^^^^^^^^^^^^
...
241 |     Cancelled = 5,
    |     --------- not covered
    = note: the matched value is of type `&database::models::DownloadStatus`
help: ensure that all possible cases are being handled by adding a match arm with a wildcard pattern or an explicit pattern as shown
    |
174 ~             DownloadStatus::Failed => "失败",
175 ~             &database::models::DownloadStatus::Cancelled => todo!(),
    |

Some errors have detailed explanations: E0004, E0277, E0282, E0308, E0412, E0432, E0433.
For more information about an error, try `rustc --explain E0004`.
warning: `arxiv-manager` (bin "arxiv-manager") generated 52 warnings
error: could not compile `arxiv-manager` (bin "arxiv-manager") due to 166 previous errors; 52 warnings emitted
